[2025-07-15 01:10:06,419] 1025 httpx - INFO - HTTP Request: POST https://dagshub.com/login/oauth/middleman "HTTP/1.1 200 OK"
[2025-07-15 01:10:06,882] 1025 httpx - INFO - HTTP Request: POST https://dagshub.com/login/oauth/access_token "HTTP/1.1 200 OK"
[2025-07-15 01:10:07,283] 1025 httpx - INFO - HTTP Request: GET https://dagshub.com/api/v1/user "HTTP/1.1 200 OK"
[2025-07-15 01:10:07,294] 107 dagshub - INFO - Accessing as AryanKhurana17
[2025-07-15 01:10:07,692] 1025 httpx - INFO - HTTP Request: GET https://dagshub.com/api/v1/repos/AryanKhurana17/Network_Security "HTTP/1.1 200 OK"
[2025-07-15 01:10:08,057] 1025 httpx - INFO - HTTP Request: GET https://dagshub.com/api/v1/user "HTTP/1.1 200 OK"
[2025-07-15 01:10:08,064] 107 dagshub - INFO - Initialized MLflow to track repo "AryanKhurana17/Network_Security"
[2025-07-15 01:10:08,064] 107 dagshub - INFO - Repository AryanKhurana17/Network_Security initialized!
[2025-07-15 01:10:08,064] 22 root - INFO - initialising data ingestion
[2025-07-15 01:10:08,064] 20 root - INFO - Initiate the data ingestion
[2025-07-15 01:10:08,064] 32 root - INFO - exporting collection as dataframe
[2025-07-15 01:10:10,377] 49 root - INFO - exporting data into feature store
[2025-07-15 01:10:10,565] 62 root - INFO - train test split of data
[2025-07-15 01:10:10,607] 67 root - INFO - Performed train test split on the dataframe
[2025-07-15 01:10:10,607] 69 root - INFO - Exited split_data_as_train_test method of Data_Ingestion class
[2025-07-15 01:10:10,607] 77 root - INFO - Exporting train and test file path.
[2025-07-15 01:10:10,788] 86 root - INFO - Exported train and test file path.
[2025-07-15 01:10:10,790] 22 root - INFO - Data Initiation Completed
[2025-07-15 01:10:10,841] 26 root - INFO - Initiate the data Validation
[2025-07-15 01:10:10,908] 32 root - INFO - Required number of columns:2
[2025-07-15 01:10:10,908] 33 root - INFO - Data frame has columns:31
[2025-07-15 01:10:10,908] 32 root - INFO - Required number of columns:2
[2025-07-15 01:10:10,908] 33 root - INFO - Data frame has columns:31
[2025-07-15 01:10:10,908] 42 root - INFO - Expected numerical columns: ['having_IP_Address', 'URL_Length', 'Shortining_Service', 'having_At_Symbol', 'double_slash_redirecting', 'Prefix_Suffix', 'having_Sub_Domain', 'SSLfinal_State', 'Domain_registeration_length', 'Favicon', 'port', 'HTTPS_token', 'Request_URL', 'URL_of_Anchor', 'Links_in_tags', 'SFH', 'Submitting_to_email', 'Abnormal_URL', 'Redirect', 'on_mouseover', 'RightClick', 'popUpWidnow', 'Iframe', 'age_of_domain', 'DNSRecord', 'web_traffic', 'Page_Rank', 'Google_Index', 'Links_pointing_to_page', 'Statistical_report', 'Result']
[2025-07-15 01:10:10,908] 42 root - INFO - Expected numerical columns: ['having_IP_Address', 'URL_Length', 'Shortining_Service', 'having_At_Symbol', 'double_slash_redirecting', 'Prefix_Suffix', 'having_Sub_Domain', 'SSLfinal_State', 'Domain_registeration_length', 'Favicon', 'port', 'HTTPS_token', 'Request_URL', 'URL_of_Anchor', 'Links_in_tags', 'SFH', 'Submitting_to_email', 'Abnormal_URL', 'Redirect', 'on_mouseover', 'RightClick', 'popUpWidnow', 'Iframe', 'age_of_domain', 'DNSRecord', 'web_traffic', 'Page_Rank', 'Google_Index', 'Links_pointing_to_page', 'Statistical_report', 'Result']
[2025-07-15 01:10:11,402] 121 root - INFO - Train data saved to: Artifacts\07_15_2025_01_09_21\data_validation\validated\train.csv
[2025-07-15 01:10:11,402] 122 root - INFO - Test data saved to: Artifacts\07_15_2025_01_09_21\data_validation\validated\test.csv
[2025-07-15 01:10:11,406] 28 root - INFO - data Validation Completed
[2025-07-15 01:10:11,406] 31 root - INFO - data Transformation started
[2025-07-15 01:10:11,406] 59 root - INFO - Entered initiate_data_transformation method of DataTransformation class
[2025-07-15 01:10:11,406] 61 root - INFO - Starting data transformation
[2025-07-15 01:10:11,465] 44 root - INFO - Entered get_data_transformer_object method of Transformation class
[2025-07-15 01:10:11,467] 49 root - INFO - Initialise KNNImputer with {'missing_values': nan, 'n_neighbors': 3, 'weights': 'uniform'}
[2025-07-15 01:10:11,491] 46 root - INFO - Entered the save_object method of MainUtils class
[2025-07-15 01:10:11,499] 50 root - INFO - Exited the save_object method of MainUtils class
[2025-07-15 01:10:11,499] 46 root - INFO - Entered the save_object method of MainUtils class
[2025-07-15 01:10:11,501] 50 root - INFO - Exited the save_object method of MainUtils class
[2025-07-15 01:10:11,504] 35 root - INFO - data Transformation completed
[2025-07-15 01:10:11,504] 37 root - INFO - Model Training sstared
